TN:
SF:src/app.controller.ts
FN:6,(anonymous_2)
FN:9,(anonymous_3)
FNF:2
FNH:2
FNDA:1,(anonymous_2)
FNDA:1,(anonymous_3)
DA:1,1
DA:2,1
DA:5,1
DA:6,1
DA:9,1
DA:10,1
LF:6
LH:6
BRF:0
BRH:0
end_of_record
TN:
SF:src/app.module.ts
FN:29,(anonymous_1)
FNF:1
FNH:0
FNDA:0,(anonymous_1)
DA:1,0
DA:2,0
DA:3,0
DA:4,0
DA:5,0
DA:6,0
DA:7,0
DA:8,0
DA:9,0
DA:29,0
DA:39,0
LF:11
LH:0
BRF:0
BRH:0
end_of_record
TN:
SF:src/app.service.ts
FN:5,(anonymous_1)
FNF:1
FNH:1
FNDA:1,(anonymous_1)
DA:1,1
DA:4,1
DA:6,1
LF:3
LH:3
BRF:0
BRH:0
end_of_record
TN:
SF:src/main.ts
FN:6,bootstrap
FNF:1
FNH:0
FNDA:0,bootstrap
DA:1,0
DA:2,0
DA:3,0
DA:4,0
DA:7,0
DA:8,0
DA:9,0
DA:10,0
DA:11,0
DA:12,0
DA:14,0
LF:11
LH:0
BRDA:12,0,0,0
BRDA:12,0,1,0
BRF:2
BRH:0
end_of_record
TN:
SF:src/config/app.config.ts
FN:3,(anonymous_0)
FNF:1
FNH:0
FNDA:0,(anonymous_0)
DA:1,0
DA:3,0
LF:2
LH:0
BRDA:4,0,0,0
BRDA:4,0,1,0
BRF:2
BRH:0
end_of_record
TN:
SF:src/config/database.config.ts
FN:3,(anonymous_0)
FNF:1
FNH:0
FNDA:0,(anonymous_0)
DA:1,0
DA:3,0
LF:2
LH:0
BRDA:5,0,0,0
BRDA:5,0,1,0
BRDA:6,1,0,0
BRDA:6,1,1,0
BRF:4
BRH:0
end_of_record
TN:
SF:src/config/index.ts
FN:1,(anonymous_0)
FN:2,(anonymous_1)
FNF:2
FNH:0
FNDA:0,(anonymous_0)
FNDA:0,(anonymous_1)
DA:1,0
DA:2,0
LF:2
LH:0
BRF:0
BRH:0
end_of_record
TN:
SF:src/project/project.controller.ts
FN:11,(anonymous_4)
FN:14,(anonymous_5)
FNF:2
FNH:2
FNDA:4,(anonymous_4)
FNDA:3,(anonymous_5)
DA:1,1
DA:6,1
DA:7,1
DA:10,1
DA:11,4
DA:14,1
DA:15,3
LF:7
LH:7
BRF:0
BRH:0
end_of_record
TN:
SF:src/project/project.module.ts
FNF:0
FNH:0
DA:1,0
DA:2,0
DA:3,0
DA:4,0
DA:5,0
DA:12,0
LF:6
LH:0
BRF:0
BRH:0
end_of_record
TN:
SF:src/project/project.service.ts
FN:11,(anonymous_4)
FN:16,(anonymous_5)
FNF:2
FNH:2
FNDA:2,(anonymous_4)
FNDA:1,(anonymous_5)
DA:1,2
DA:2,2
DA:3,2
DA:4,2
DA:7,2
DA:10,2
DA:13,2
DA:19,1
DA:20,1
DA:21,1
LF:10
LH:10
BRF:0
BRH:0
end_of_record
TN:
SF:src/project/dto/request-tons.dto.ts
FNF:0
FNH:0
DA:1,1
DA:3,1
DA:7,1
LF:3
LH:3
BRF:0
BRH:0
end_of_record
TN:
SF:src/project/entities/project.entity.ts
FNF:0
FNH:0
DA:1,2
DA:2,2
DA:5,2
DA:7,2
DA:10,2
DA:13,2
DA:16,2
DA:24,2
DA:27,2
DA:34,2
DA:37,2
DA:40,2
DA:43,2
LF:13
LH:13
BRF:0
BRH:0
end_of_record
TN:
SF:src/shared/filter/http-exception.filter.ts
FN:12,(anonymous_2)
FN:14,(anonymous_3)
FNF:2
FNH:0
FNDA:0,(anonymous_2)
FNDA:0,(anonymous_3)
DA:1,0
DA:8,0
DA:11,0
DA:12,0
DA:15,0
DA:17,0
DA:20,0
DA:24,0
DA:33,0
DA:35,0
LF:10
LH:0
BRDA:20,0,0,0
BRDA:20,0,1,0
BRDA:27,1,0,0
BRDA:27,1,1,0
BRF:4
BRH:0
end_of_record
TN:
SF:src/shared/transformers/decimal.transformer.ts
FN:2,(anonymous_0)
FN:5,(anonymous_1)
FNF:2
FNH:0
FNDA:0,(anonymous_0)
FNDA:0,(anonymous_1)
DA:1,2
DA:3,0
DA:6,0
LF:3
LH:1
BRF:0
BRH:0
end_of_record
TN:
SF:src/utilities/analyze.portfolio.ts
FN:4,analyzeProjects
FN:10,(anonymous_1)
FN:13,(anonymous_2)
FN:48,(anonymous_3)
FNF:4
FNH:4
FNDA:3,analyzeProjects
FNDA:12,(anonymous_1)
FNDA:12,(anonymous_2)
FNDA:12,(anonymous_3)
DA:4,3
DA:8,3
DA:9,3
DA:10,12
DA:13,3
DA:20,12
DA:22,12
DA:25,12
DA:27,12
DA:28,1
DA:31,12
DA:32,12
DA:34,12
DA:35,2
DA:38,12
DA:40,12
DA:48,12
LF:17
LH:17
BRDA:27,0,0,1
BRDA:34,1,0,2
BRF:2
BRH:2
end_of_record
